<?xml version="1.0" encoding="UTF-8"?>
<robot generator="Robot 6.0.2 (Python 3.11.0 on win32)" generated="20230402 21:19:18.071" rpa="false" schemaversion="3">
<suite id="s1" name="Tests" source="C:\Users\Vitalii_Stetsenko\PycharmProjects\Course_Intermediate_DQE\HW5_robotframework\robot\Tests">
<suite id="s1-s1" name="CheckTablePersonAddress" source="C:\Users\Vitalii_Stetsenko\PycharmProjects\Course_Intermediate_DQE\HW5_robotframework\robot\Tests\CheckTablePersonAddress.robot">
<test id="s1-s1-t1" name="Check rowguid column in Person.Address table for correct length" line="13">
<kw name="Connect" library="pymssql">
<var>${conn}</var>
<arg>server=${DB_HOST}:${DB_PORT}</arg>
<arg>user=${DB_USER}</arg>
<arg>password=${DB_PASSWORD}</arg>
<arg>database=${DB_NAME}</arg>
<doc>Constructor for creating a connection to the database. Returns a
Connection object.</doc>
<msg timestamp="20230402 21:19:18.136" level="FAIL">OperationalError: (20009, b'DB-Lib error message 20009, severity 9:\nUnable to connect: Adaptive Server is unavailable or does not exist (server=localhost)\n')</msg>
<status status="FAIL" starttime="20230402 21:19:18.106" endtime="20230402 21:19:18.136"/>
</kw>
<kw name="Set Variable" library="BuiltIn">
<var>${query}</var>
<arg>SELECT [rowguid] FROM [Person].[Address]</arg>
<doc>Returns the given values which can then be assigned to a variables.</doc>
<status status="NOT RUN" starttime="20230402 21:19:18.136" endtime="20230402 21:19:18.136"/>
</kw>
<kw name="Query" library="DatabaseLibrary">
<var>${results}</var>
<arg>${conn}</arg>
<arg>${query}</arg>
<doc>Uses the input `selectStatement` to query for the values that will be returned as a list of tuples. Set optional
input `sansTran` to True to run command without an explicit transaction commit or rollback.
Set optional input `returnAsDict` to True to return values as a list of dictionaries.</doc>
<status status="NOT RUN" starttime="20230402 21:19:18.137" endtime="20230402 21:19:18.137"/>
</kw>
<for flavor="IN">
<var>${row}</var>
<value>@{results}</value>
<iter>
<var name="${row}"/>
<kw name="Set Variable" library="BuiltIn">
<var>${rowguid}</var>
<arg>${row}[rowguid]</arg>
<doc>Returns the given values which can then be assigned to a variables.</doc>
<status status="NOT RUN" starttime="20230402 21:19:18.137" endtime="20230402 21:19:18.137"/>
</kw>
<kw name="Get Length" library="BuiltIn">
<var>${length}</var>
<arg>${rowguid}</arg>
<doc>Returns and logs the length of the given item as an integer.</doc>
<status status="NOT RUN" starttime="20230402 21:19:18.137" endtime="20230402 21:19:18.137"/>
</kw>
<kw name="Should Be Equal As Integers" library="BuiltIn">
<arg>${length}</arg>
<arg>36</arg>
<arg>msg=Rowguid ${rowguid} has length ${length}, which is not 36.</arg>
<doc>Fails if objects are unequal after converting them to integers.</doc>
<status status="NOT RUN" starttime="20230402 21:19:18.137" endtime="20230402 21:19:18.137"/>
</kw>
<status status="NOT RUN" starttime="20230402 21:19:18.137" endtime="20230402 21:19:18.137"/>
</iter>
<status status="NOT RUN" starttime="20230402 21:19:18.137" endtime="20230402 21:19:18.137"/>
</for>
<kw name="${conn}.close()">
<status status="NOT RUN" starttime="20230402 21:19:18.138" endtime="20230402 21:19:18.138"/>
</kw>
<status status="FAIL" starttime="20230402 21:19:18.106" endtime="20230402 21:19:18.139">OperationalError: (20009, b'DB-Lib error message 20009, severity 9:\nUnable to connect: Adaptive Server is unavailable or does not exist (server=localhost)\n')</status>
</test>
<status status="FAIL" starttime="20230402 21:19:18.088" endtime="20230402 21:19:18.139"/>
</suite>
<status status="FAIL" starttime="20230402 21:19:18.072" endtime="20230402 21:19:18.140"/>
</suite>
<statistics>
<total>
<stat pass="0" fail="1" skip="0">All Tests</stat>
</total>
<tag>
</tag>
<suite>
<stat pass="0" fail="1" skip="0" id="s1" name="Tests">Tests</stat>
<stat pass="0" fail="1" skip="0" id="s1-s1" name="CheckTablePersonAddress">Tests.CheckTablePersonAddress</stat>
</suite>
</statistics>
<errors>
</errors>
</robot>
